<?xml version="1.0" encoding="UTF-8"?>
<testsuite name="com.securechat.di.call.SignalingUrlConfigValidatorTest" tests="2" skipped="0" failures="0" errors="0" timestamp="2026-04-10T07:39:02" hostname="DESKTOP-HL4PHQ6" time="0.015">
  <properties/>
  <testcase name="validate_happyPath_prodWithHttpsWss_returnsNormalizedUrls" classname="com.securechat.di.call.SignalingUrlConfigValidatorTest" time="0.001"/>
  <testcase name="validate_failure_prodWithCleartext_throwsIllegalArgumentException" classname="com.securechat.di.call.SignalingUrlConfigValidatorTest" time="0.014"/>
  <system-out><![CDATA[]]></system-out>
  <system-err><![CDATA[]]></system-err>
</testsuite>
