<?xml version="1.0" encoding="UTF-8"?>
<testsuite name="com.securechat.data.remote.webrtc.RendererReleasePolicyTest" tests="2" skipped="0" failures="0" errors="0" timestamp="2026-04-10T07:39:02" hostname="DESKTOP-HL4PHQ6" time="0.001">
  <properties/>
  <testcase name="shouldReleaseEgl_happyPath_bothRenderersReleased_returnsTrue" classname="com.securechat.data.remote.webrtc.RendererReleasePolicyTest" time="0.0"/>
  <testcase name="shouldReleaseEgl_failurePath_oneRendererStillAlive_returnsFalse" classname="com.securechat.data.remote.webrtc.RendererReleasePolicyTest" time="0.0"/>
  <system-out><![CDATA[]]></system-out>
  <system-err><![CDATA[]]></system-err>
</testsuite>
