<?xml version="1.0" encoding="UTF-8"?>
<testsuite name="com.securechat.data.local.DatabaseMigrationsTest" tests="2" skipped="0" failures="0" errors="0" timestamp="2026-04-10T07:39:02" hostname="DESKTOP-HL4PHQ6" time="0.028">
  <properties/>
  <testcase name="migration_failurePath_noUnexpectedMigrationsRegistered" classname="com.securechat.data.local.DatabaseMigrationsTest" time="0.028"/>
  <testcase name="migration_happyPath_hasExpectedVersionRange" classname="com.securechat.data.local.DatabaseMigrationsTest" time="0.0"/>
  <system-out><![CDATA[]]></system-out>
  <system-err><![CDATA[]]></system-err>
</testsuite>
