<?xml version="1.0" encoding="UTF-8"?>
<testsuite name="com.securechat.data.repository.FileUploadValidatorTest" tests="2" skipped="0" failures="0" errors="0" timestamp="2026-04-10T07:39:02" hostname="DESKTOP-HL4PHQ6" time="0.002">
  <properties/>
  <testcase name="validateForUpload_failure_fileTooLarge_returnsError" classname="com.securechat.data.repository.FileUploadValidatorTest" time="0.001"/>
  <testcase name="validateForUpload_happyPath_imageUnderLimit_returnsSuccessAndImageType" classname="com.securechat.data.repository.FileUploadValidatorTest" time="0.001"/>
  <system-out><![CDATA[]]></system-out>
  <system-err><![CDATA[]]></system-err>
</testsuite>
